25 Fermat/Blackbox instances will be run in parallel.
The user defined environment variable FERMATPATH for Fermat is set:
/home/dschiebe/installs/Ferl7/fer64
The directories for the temporary files, result files and the sector mapping files are: 
./tmp
./results
./sectormappings
One variable is set to 1: {}
Kira prepares topology: DB and top level sector: 
127 

*****Integral ordering*************************************
VERSION table created successfully
Kira database version number: 2.1
WEIGHTBITS table created successfully
INTEGRALORDERING table created successfully
Kira will use the integral ordering: 1.
With topology: DB use intermediate permutation
0 6 1 2 4 5 3 7 8 
With topology: DB use intermediate permutation
0 6 1 2 4 5 3 7 8 
With topology: DB use intermediate permutation
0 6 1 2 4 5 3 7 8 
With topology: DB use intermediate permutation
0 6 1 2 4 5 3 7 8 
With topology: DB use intermediate permutation
0 6 1 2 4 5 3 7 8 
With topology: DB use intermediate permutation
0 6 1 2 4 5 3 7 8 
With topology: DB use intermediate permutation
0 6 1 2 4 5 3 7 8 
With topology: DB use intermediate permutation
0 6 1 2 4 5 3 7 8 
With topology: DB use intermediate permutation
0 6 1 2 4 5 3 7 8 
With topology: DB use intermediate permutation
0 6 1 2 4 5 3 7 8 
With topology: DB use intermediate permutation
0 6 1 2 4 5 3 7 8 
With topology: DB use intermediate permutation
0 6 1 2 4 5 3 7 8 
With topology: DB use intermediate permutation
0 6 1 2 4 5 3 7 8 
With topology: DB use intermediate permutation
0 6 1 2 4 5 3 7 8 
With topology: DB use intermediate permutation
0 6 1 2 4 5 3 7 8 
With topology: DB use intermediate permutation
0 6 1 2 4 5 3 7 8 
With topology: DB use intermediate permutation
0 6 1 2 4 5 3 7 8 
With topology: DB use intermediate permutation
0 6 1 2 4 5 3 7 8 
With topology: DB use intermediate permutation
0 6 1 2 4 5 3 7 8 
With topology: DB use intermediate permutation
0 6 1 2 4 5 3 7 8 
With topology: DB use intermediate permutation
0 6 1 2 4 5 3 7 8 
With topology: DB use intermediate permutation
0 6 1 2 4 5 3 7 8 
With topology: DB use intermediate permutation
0 6 1 2 4 5 3 7 8 
With topology: DB use intermediate permutation
0 6 1 2 4 5 3 7 8 
With topology: DB use intermediate permutation
0 6 1 2 4 5 3 7 8 
With topology: DB use intermediate permutation
0 6 1 2 4 5 3 7 8 
With topology: DB use intermediate permutation
0 6 1 2 4 5 3 7 8 
With topology: DB use intermediate permutation
0 6 1 2 4 5 3 7 8 
With topology: DB use intermediate permutation
0 6 1 2 4 5 3 7 8 
With topology: DB use intermediate permutation
0 6 1 2 4 5 3 7 8 
With topology: DB use intermediate permutation
0 6 1 2 4 5 3 7 8 
With topology: DB use intermediate permutation
0 6 1 2 4 5 3 7 8 
With topology: DB use intermediate permutation
0 6 1 2 4 5 3 7 8 
With topology: DB use intermediate permutation
0 6 1 2 4 5 3 7 8 
With topology: DB use intermediate permutation
0 6 1 2 4 5 3 7 8 
With topology: DB use intermediate permutation
0 6 1 2 4 5 3 7 8 
With topology: DB use intermediate permutation
0 6 1 2 4 5 3 7 8 
With topology: DB use intermediate permutation
0 6 1 2 4 5 3 7 8 
With topology: DB use intermediate permutation
0 6 1 2 4 5 3 7 8 
With topology: DB use intermediate permutation
0 6 1 2 4 5 3 7 8 
With topology: DB use intermediate permutation
0 6 1 2 4 5 3 7 8 
With topology: DB use intermediate permutation
0 6 1 2 4 5 3 7 8 
With topology: DB use intermediate permutation
0 6 1 2 4 5 3 7 8 
With topology: DB use intermediate permutation
0 6 1 2 4 5 3 7 8 
With topology: DB use intermediate permutation
0 6 1 2 4 5 3 7 8 
With topology: DB use intermediate permutation
0 6 1 2 4 5 3 7 8 
With topology: DB use intermediate permutation
0 6 1 2 4 5 3 7 8 
With topology: DB use intermediate permutation
0 6 1 2 4 5 3 7 8 
With topology: DB use intermediate permutation
0 6 1 2 4 5 3 7 8 
With topology: DB use intermediate permutation
0 6 1 2 4 5 3 7 8 
With topology: DB use intermediate permutation
0 6 1 2 4 5 3 7 8 
With topology: DB use intermediate permutation
0 6 1 2 4 5 3 7 8 
With topology: DB use intermediate permutation
0 6 1 2 4 5 3 7 8 
With topology: DB use intermediate permutation
0 6 1 2 4 5 3 7 8 
With topology: DB use intermediate permutation
0 6 1 2 4 5 3 7 8 
With topology: DB use intermediate permutation
0 6 1 2 4 5 3 7 8 
With topology: DB use intermediate permutation
0 6 1 2 4 5 3 7 8 
With topology: DB use intermediate permutation
0 6 1 2 4 5 3 7 8 
Following reductions will be performed for the topology: DB
Sector: 41 rmax: 3 smax: 0 dmax: 0 

Sector: 25 rmax: 3 smax: 0 dmax: 0 

Sector: 42 rmax: 5 smax: 0 dmax: 2 

Sector: 44 rmax: 5 smax: 0 dmax: 2 

Sector: 37 rmax: 3 smax: 0 dmax: 0 

Sector: 57 rmax: 5 smax: 0 dmax: 1 

Sector: 90 rmax: 4 smax: 0 dmax: 0 

Sector: 58 rmax: 5 smax: 0 dmax: 1 

Sector: 108 rmax: 5 smax: 0 dmax: 1 

Sector: 85 rmax: 4 smax: 0 dmax: 0 

Sector: 53 rmax: 5 smax: 0 dmax: 1 

Sector: 45 rmax: 6 smax: 0 dmax: 2 

Sector: 122 rmax: 6 smax: 0 dmax: 1 

Sector: 59 rmax: 6 smax: 0 dmax: 1 

Sector: 117 rmax: 5 smax: 0 dmax: 0 

Sector: 61 rmax: 5 smax: 0 dmax: 0 

Sector: 110 rmax: 6 smax: 0 dmax: 1 

Sector: 47 rmax: 6 smax: 0 dmax: 1 

Sector: 63 rmax: 6 smax: 0 dmax: 0 

Sector: 127 rmax: 7 smax: 1 dmax: 0 

Sector: 111 rmax: 6 smax: 0 dmax: 0 

Sector: 41 rmax: 5 smax: 1 dmax: 2 

Sector: 42 rmax: 6 smax: 1 dmax: 3 

Sector: 44 rmax: 6 smax: 1 dmax: 3 

Sector: 37 rmax: 5 smax: 1 dmax: 2 

Sector: 57 rmax: 6 smax: 1 dmax: 2 

Sector: 58 rmax: 6 smax: 1 dmax: 2 

Sector: 108 rmax: 6 smax: 1 dmax: 2 

Sector: 53 rmax: 6 smax: 1 dmax: 2 

Sector: 45 rmax: 7 smax: 1 dmax: 3 

Sector: 106 rmax: 6 smax: 0 dmax: 2 

Sector: 122 rmax: 7 smax: 1 dmax: 2 

Sector: 43 rmax: 6 smax: 0 dmax: 2 

Sector: 59 rmax: 7 smax: 1 dmax: 2 

Sector: 101 rmax: 5 smax: 0 dmax: 1 

Sector: 117 rmax: 6 smax: 1 dmax: 1 

Sector: 61 rmax: 6 smax: 1 dmax: 1 

Sector: 110 rmax: 7 smax: 1 dmax: 2 

Sector: 46 rmax: 6 smax: 0 dmax: 2 

Sector: 47 rmax: 7 smax: 1 dmax: 2 

Sector: 63 rmax: 7 smax: 1 dmax: 1 

Sector: 111 rmax: 7 smax: 1 dmax: 1 

Sector: 127 rmax: 8 smax: 2 dmax: 1 

Sector: 126 rmax: 7 smax: 1 dmax: 1 

Sector: 125 rmax: 7 smax: 1 dmax: 1 

Sector: 123 rmax: 6 smax: 0 dmax: 0 

Sector: 25 rmax: 4 smax: 1 dmax: 1 

Sector: 36 rmax: 3 smax: 0 dmax: 1 

Sector: 90 rmax: 5 smax: 1 dmax: 1 

Sector: 26 rmax: 4 smax: 0 dmax: 1 

Sector: 84 rmax: 4 smax: 0 dmax: 1 

Sector: 85 rmax: 5 smax: 1 dmax: 1 

Sector: 21 rmax: 4 smax: 0 dmax: 1 

Sector: 52 rmax: 5 smax: 0 dmax: 2 

Sector: 116 rmax: 5 smax: 0 dmax: 1 

Sector: 60 rmax: 5 smax: 0 dmax: 1 

Sector: 62 rmax: 6 smax: 0 dmax: 1 

Sector: 109 rmax: 6 smax: 0 dmax: 1 

***********************************************************
Find IBP LI and symmetry relations for the topology: DB
***********************************************************

*****Generate IBP identities*******************************
There are 10 IBP identities
( 0.008366 s )

*****Generate LI identities********************************
There are 3 LI identities
( 0.019615 s )

*****Search trivial sectors********************************
non trivial sector 25 35n trivial sector 3
non trivial sector 27 4

non trivial sector 29 4
non trivial sector 31 5
non trivial sector 42n trivial sector 42 33
non trivial sector 37 3
non trivial sector 41 3
non trivial sector 39 494
non trivial sector 43 4
non trivial sector 44n trivial sector 44 33
non trivial sector 46n trivial sector 46 4

non trivial sector 47n trivial sector 47 55

non trivial sector 53 3 4

non trivial sector 61n trivial sector 61 55
non trivial sector 59n trivial sector 59 55

non trivial sector 79n trivial sector 79 5
non trivial sector 55n trivial sector 55 5

non trivial sector 63n trivial sector 63 66

non trivial sector 60 0n trivial sector  4

non trivial sector 45n trivial sector 45 4
non trivial sector non trivial sector 7878 44

non trivial sector 62n trivial sector 62 55

non trivial sector 90  4

non trivial sector 77n trivial sector 77  4

non trivial sector 92 2 4

non trivial sector 58n trivial sector 58 4

non trivial sector 57n trivial sector 57 4

non trivial sector 94n trivial sector 94 55

non trivial sector 76n trivial sector 76 33
non trivial sector 101 trivial sector 101 4

non trivial sector 9595 6

non trivial sector 85 4
non trivial sector 87n trivial sector 87 5
non trivial sector 93n trivial sector 93 5
non trivial sector 109 09 5
non trivial sector 110 trivial sector 110 55

non trivial sector non trivial sector 89 4

non trivial sector non trivial sector 103 5
non trivial sector non trivial sector 106 06 4

non trivial sector 108 trivial sector 108 4

non trivial sector 107 trivial sector 107 55

non trivial sector non trivial sector 126 6

non trivial sector 124 trivial sector 124 5

non trivial sector 122 trivial sector 122 55

non trivial sector 119 trivial sector 119 6

non trivial sector 123 trivial sector 123 66
non trivial sector 121 trivial sector 121 5
non trivial sector non trivial sector 105 44

non trivial sector 143 43 5

non trivial sector 125 25 66
non trivial sector 138 trivial sector 138 3

non trivial sector 127 trivial sector 127 77

non trivial sector 117 trivial sector 117 5

non trivial sector 151 trivial sector 151 55

non trivial sector non trivial sector 91 1 5

non trivial sector 141 trivial sector 141 44

non trivial sector 111 trivial sector 111  6

non trivial sector 149 trivial sector 149 44
non trivial sector 140 trivial sector 140 33
non trivial sector 157 trivial sector 157 55

non trivial sector 159 trivial sector 159 66

non trivial sector non trivial sector 139 39 4

non trivial sector 153 trivial sector 153 4

non trivial sector 165 trivial sector 165 44

non trivial sector 154 trivial sector 154 44

non trivial sector non trivial sector 155  5

non trivial sector non trivial sector 156 56 4

non trivial sector non trivial sector 171 71 5

non trivial sector 172 trivial sector 172 4

non trivial sector 142 trivial sector 142 44

non trivial sector 158 trivial sector 158 55

non trivial sector 170 70 4

non trivial sector 173 trivial sector 173 55
non trivial sector 186 trivial sector 186 5

non trivial sector 175 trivial sector 175 66

non trivial sector 167 67 5

non trivial sector 181 trivial sector 181 5
non trivial sector 188 trivial sector 188 5
non trivial sector 187 87 6

non trivial sector 205 trivial sector 205 5

non trivial sector 190 trivial sector 190 66
non trivial sector 202 trivial sector 202 4

non trivial sector 169 trivial sector 169 44

non trivial sector 185 trivial sector 185 55

non trivial sector 174 trivial sector 174 55
non trivial sector 189 trivial sector 189 6

non trivial sector non trivial sector 183 66

non trivial sector 191 trivial sector 191 77

non trivial sector 203 trivial sector 203 55
non trivial sector 220 trivial sector 220 55
non trivial sector non trivial sector 221 21 6

non trivial sector 215 trivial sector 215 6

non trivial sector 231 trivial sector 231 6

non trivial sector 206 trivial sector 206 55
non trivial sector non trivial sector 217 17 5

non trivial sector 233 33 5
non trivial sector 234 trivial sector 234 5

non trivial sector 222 trivial sector 222 66

non trivial sector 213 trivial sector 213 5

non trivial sector 204 trivial sector 204 44
non trivial sector 218 trivial sector 218 55

non trivial sector 235 trivial sector 235 66
non trivial sector non trivial sector 219219 66

non trivial sector 245 trivial sector 245 6

non trivial sector 251 51 7

non trivial sector 223 23 7
non trivial sector 247 47 7
non trivial sector non trivial sector 229 29 5

non trivial sector 207 trivial sector 207 66
non trivial sector 250 trivial sector 250 6

non trivial sector 239 trivial sector 239 7

non trivial sector 237 trivial sector 237 66

non trivial sector 238 trivial sector 238 66

non trivial sector 255 trivial sector 255 88

non trivial sector 253 77

non trivial sector 254 trivial sector 254 7

non trivial sector 249 trivial sector 249 66

non trivial sector 281 81 4

non trivial sector 280 trivial sector 280 3
non trivial sector 283 trivial sector 283 5

non trivial sector 236 36 55
non trivial sector 282 trivial sector 282 4

non trivial sector 284 trivial sector 284 44

non trivial sector 294 44
non trivial sector non trivial sector 252 52 6

non trivial sector 287 trivial sector 287 66

non trivial sector 291 44

non trivial sector non trivial sector 286286 5
non trivial sector 296 trivial sector 296  3

non trivial sector 295 trivial sector 295 55

non trivial sector 292 trivial sector 292 33

non trivial sector 300 trivial sector 300 44

non trivial sector 308 trivial sector 308 4

non trivial sector 289 trivial sector 289 33

non trivial sector 298 44

non trivial sector 312 trivial sector 312 44

non trivial sector non trivial sector 297 97 4

non trivial sector 313 trivial sector 313  5

non trivial sector non trivial sector 301 55

non trivial sector 311 trivial sector 311 6

non trivial sector 306 trivial sector 306 4

non trivial sector 290 trivial sector 290 33

non trivial sector 328 trivial sector 328 3

non trivial sector 302 trivial sector 302 5
non trivial sector 293 trivial sector 293 4

non trivial sector 285 85 5
non trivial sector 316 16 5
non trivial sector non trivial sector 305 44

non trivial sector 299 trivial sector 299 5

non trivial sector 314 trivial sector 314 55
non trivial sector 319 trivial sector 319 7

non trivial sector 310 trivial sector 310 5

non trivial sector 315 trivial sector 315 66

non trivial sector 309 trivial sector 309 5

non trivial sector 330 trivial sector 330 44
non trivial sector non trivial sector 331 5

non trivial sector 339 trivial sector 339 55

non trivial sector 334 trivial sector 334 5
non trivial sector 317 trivial sector 317 66

non trivial sector 340 trivial sector 340 44
non trivial sector 318 18 6

non trivial sector 338 trivial sector 338 44
non trivial sector 307 trivial sector 307 5

non trivial sector 332 44
non trivial sector 344 trivial sector 344 4

non trivial sector 345 trivial sector 345 5

non trivial sector 349 trivial sector 349 66
non trivial sector non trivial sector 303 03 6

non trivial sector 347 trivial sector 347 66

non trivial sector 346 55
non trivial sector 354 54 4
non trivial sector non trivial sector 335 35 6

non trivial sector 333 33 5
non trivial sector non trivial sector 343 43 6

non trivial sector 366 trivial sector 366 6

non trivial sector 337 trivial sector 337 44

non trivial sector 342 trivial sector 342 55

non trivial sector 353 trivial sector 353 44
non trivial sector non trivial sector 341 5

non trivial sector 351 7

non trivial sector 348 trivial sector 348 5
non trivial sector 357 trivial sector 357 5

non trivial sector 363 trivial sector 363 66
non trivial sector non trivial sector 369 5

non trivial sector 350 50 6

non trivial sector 329 trivial sector 329 44

non trivial sector 359 trivial sector 359 6

non trivial sector 355 trivial sector 355 55
non trivial sector 370 trivial sector 370 5
non trivial sector 360 trivial sector 360 44

non trivial sector 371 trivial sector 371 6

non trivial sector non trivial sector 356 44
non trivial sector non trivial sector 362 62 5

non trivial sector 361 trivial sector 361 55

non trivial sector 365 trivial sector 365 66

non trivial sector 378 trivial sector 378 66
non trivial sector 372 trivial sector 372 55
non trivial sector 377 trivial sector 377  6

non trivial sector 367 7

non trivial sector 376 trivial sector 376 55
non trivial sector 373 trivial sector 373  6
non trivial sector 358 trivial sector 358 5
non trivial sector non trivial sector 380 66

non trivial sector 374 trivial sector 374 6

non trivial sector 383 trivial sector 383 88

non trivial sector 364 trivial sector 364 5

non trivial sector non trivial sector 381 81 7

non trivial sector 379 trivial sector 379 7

non trivial sector 394 trivial sector 394 44

non trivial sector non trivial sector 382 82 7

non trivial sector 397 trivial sector 397 55

non trivial sector 375 trivial sector 375 77
non trivial sector 398 trivial sector 398 5

non trivial sector 404 trivial sector 404 4
non trivial sector non trivial sector 395 95 5

non trivial sector 393 trivial sector 393 4

non trivial sector 399 trivial sector 399 66

non trivial sector 401 trivial sector 401 4

non trivial sector 408 trivial sector 408 4
non trivial sector 405 trivial sector 405 55

non trivial sector 407 trivial sector 407 6

non trivial sector 392 trivial sector 392 3

non trivial sector 396 trivial sector 396 44
non trivial sector 414 6

non trivial sector 411 trivial sector 411 66

non trivial sector 418 trivial sector 418 44

non trivial sector 420 4

non trivial sector 406 trivial sector 406 5

non trivial sector 409 trivial sector 409 55

non trivial sector non trivial sector 410 10 5

non trivial sector 412 trivial sector 412 5

non trivial sector 429 trivial sector 429 66

non trivial sector 423 trivial sector 423 66

non trivial sector 419 trivial sector 419 55

non trivial sector 424 24 4
non trivial sector 421 21 5

non trivial sector 425 trivial sector 425 55
non trivial sector 415 trivial sector 415 7

non trivial sector 402 44

non trivial sector 431 7
non trivial sector 422 trivial sector 422 55

non trivial sector 426 trivial sector 426 5

non trivial sector non trivial sector 439 39 7

non trivial sector 436 trivial sector 436 5

non trivial sector 434 trivial sector 434 55

non trivial sector 430 trivial sector 430 66

non trivial sector 437 trivial sector 437 66

non trivial sector 440 trivial sector 440 5

non trivial sector 435 trivial sector 435 6

non trivial sector 417 trivial sector 417 4

non trivial sector 427 trivial sector 427 66
non trivial sector 413 trivial sector 413 66

non trivial sector 447 trivial sector 447 8

non trivial sector non trivial sector 403 55

non trivial sector 444 44 6

non trivial sector 446 trivial sector 446 77
non trivial sector 443 trivial sector 443 77

non trivial sector 457 trivial sector 457 55

non trivial sector 428 28 5

non trivial sector non trivial sector 433 55

non trivial sector 438 trivial sector 438 66

non trivial sector 462 trivial sector 462 66

non trivial sector 468 trivial sector 468 5

non trivial sector non trivial sector 461 61 6

non trivial sector 442 trivial sector 442 66

non trivial sector 467 trivial sector 467 6

non trivial sector non trivial sector 456 56 4
non trivial sector 469 69 6
non trivial sector 466 trivial sector 466 5
non trivial sector 445 trivial sector 445 77

non trivial sector 470470 66
non trivial sector 474 trivial sector 474 66
non trivial sector 459 59 6

non trivial sector 477 trivial sector 477 77

non trivial sector non trivial sector 463 7

non trivial sector 465 55
non trivial sector 490 6

non trivial sector 473 trivial sector 473 6
non trivial sector 478 trivial sector 478 7

non trivial sector 475 7
non trivial sector 458 trivial sector 458 55

non trivial sector non trivial sector 441 41 6

non trivial sector 488488 5
non trivial sector 471 trivial sector 471 77

non trivial sector 486 trivial sector 486 6

non trivial sector 487 trivial sector 487 77
non trivial sector 492 trivial sector 492 66

non trivial sector 476 trivial sector 476 66

non trivial sector 472 72 5
non trivial sector 484 5

non trivial sector 494 trivial sector 494 77

non trivial sector 460 trivial sector 460 5

non trivial sector 489489 66

non trivial sector 481 5

non trivial sector 497 66

non trivial sector 485 85 66

non trivial sector 482 5
non trivial sector 498 trivial sector 498 66
non trivial sector 479 8798
non trivial sector 500 6

non trivial sector 502 02 7

non trivial sector 508 trivial sector 508  7
non trivial sector 503 trivial sector 503 88

non trivial sector 499 99 7

non trivial sector 504 trivial sector 504 6

non trivial sector 506 7

non trivial sector 491 91 7
non trivial sector 510 8

non trivial sector 509 8
non trivial sector 483 6

non trivial sector 505 7

non trivial sector 493 trivial sector 493 7
non trivial sector 511 trivial sector 511 9

non trivial sector 495 trivial sector 495  8
non trivial sector 501 7
non trivial sector 507 8

Non trivial sectors in total: 316
Trivial sectors in total: 196
( 0.1 s )

Search symmetry relations: 

( 0.0 s )
***********************************************************
Prepare Symmetries for the topology: DB
***********************************************************
Build symmetries for DB x DB 
Kira maps this sector 37 to this sector 37
with external Symmetry 0
Kira maps this sector 76 to this sector 76
with external Symmetry 0
Kira maps this sector 76 to this sector 76
with external Symmetry 0
Kira maps this sector 76 to this sector 76
with external Symmetry 0
Kira maps this sector 76 to this sector 76
with external Symmetry 0
Kira maps this sector 76 to this sector 76
with external Symmetry 0
Kira maps this sector 25 to this sector 76
with external Symmetry 0
Kira maps this sector 25 to this sector 76
with external Symmetry 0
Kira maps this sector 25 to this sector 76
with external Symmetry 0
Kira maps this sector 25 to this sector 76
with external Symmetry 0
Kira maps this sector 25 to this sector 76
with external Symmetry 0
Kira maps this sector 25 to this sector 76
with external Symmetry 0
Kira maps this sector 41 to this sector 41
with external Symmetry 0
Kira maps this sector 42 to this sector 42
with external Symmetry 0
Kira maps this sector 44 to this sector 44
with external Symmetry 0
Kira maps this sector 85 to this sector 85
with external Symmetry 0
Kira maps this sector 85 to this sector 85
with external Symmetry 0
Kira maps this sector 85 to this sector 85
with external Symmetry 0
Kira maps this sector 85 to this sector 85
with external Symmetry 0
Kira maps this sector 85 to this sector 85
with external Symmetry 0
Kira maps this sector 85 to this sector 85
with external Symmetry 0
Kira maps this sector 85 to this sector 85
with external Symmetry 0
Kira maps this sector 101 to this sector 101
with external Symmetry 0
no propagator flow, only for dots: Kira maps this sector 39 to this sector 39
with external Symmetry 0
Kira maps this sector 53 to this sector 53
with external Symmetry 0
Kira maps this sector 77 to this sector 77
with external Symmetry 0
Kira maps this sector 89 to this sector 77
with external Symmetry 0
Kira maps this sector 89 to this sector 77
with external Symmetry 0
Kira maps this sector 29 to this sector 77
with external Symmetry 0
Kira maps this sector 29 to this sector 77
with external Symmetry 0
Kira maps this sector 92 to this sector 77
with external Symmetry 0
Kira maps this sector 92 to this sector 77
with external Symmetry 0
Kira maps this sector 78 to this sector 78
with external Symmetry 0
no propagator flow, only for dots: Kira maps this sector 27 to this sector 78
with external Symmetry 0
no propagator flow, only for dots: Kira maps this sector 27 to this sector 78
with external Symmetry 0
no propagator flow, only for dots: Kira maps this sector 90 to this sector 90
with external Symmetry 0
Kira maps this sector 90 to this sector 90
with external Symmetry 0
no propagator flow, only for dots: Kira maps this sector 90 to this sector 90
with external Symmetry 0
Kira maps this sector 105 to this sector 105
with external Symmetry 0
Kira maps this sector 106 to this sector 106
with external Symmetry 0
Kira maps this sector 108 to this sector 108
with external Symmetry 0
Kira maps this sector 57 to this sector 57
with external Symmetry 0
Kira maps this sector 58 to this sector 58
with external Symmetry 0
Kira maps this sector 60 to this sector 60
with external Symmetry 0
no propagator flow, only for dots: Kira maps this sector 87 to this sector 87
with external Symmetry 0
Kira maps this sector 87 to this sector 87
with external Symmetry 0
no propagator flow, only for dots: Kira maps this sector 87 to this sector 87
with external Symmetry 0
no propagator flow, only for dots: Kira maps this sector 103 to this sector 103
with external Symmetry 0
Kira maps this sector 117 to this sector 117
with external Symmetry 0
no propagator flow, only for dots: Kira maps this sector 55 to this sector 55
with external Symmetry 0
Kira maps this sector 79 to this sector 79
with external Symmetry 0
no propagator flow, only for dots: Kira maps this sector 31 to this sector 79
with external Symmetry 0
no propagator flow, only for dots: Kira maps this sector 31 to this sector 79
with external Symmetry 0
no propagator flow, only for dots: Kira maps this sector 94 to this sector 91
with external Symmetry 0
Kira maps this sector 93 to this sector 93
with external Symmetry 0
Kira maps this sector 93 to this sector 93
with external Symmetry 0
Kira maps this sector 93 to this sector 93
with external Symmetry 0
Kira maps this sector 121 to this sector 121
with external Symmetry 0
Kira maps this sector 122 to this sector 122
with external Symmetry 0
Kira maps this sector 124 to this sector 124
with external Symmetry 0
no propagator flow, only for dots: Kira maps this sector 119 to this sector 119
with external Symmetry 0
no propagator flow, only for dots: Kira maps this sector 95 to this sector 95
with external Symmetry 0

Sector relations: 17
Sector symmetries: 45
( 0.0 s )

***********************************************************
Kira starts the reduction of the topology: DB
***********************************************************

***** Select equations recursively ************************
length of mandatory list: 237
Algebraic reconstruction is switched off.
545 independent coefficients
directory to the masters: DB
Number of master integrals: 31
DB[1,0,1,0,1,0,1,0,0]  #  85
DB[1,0,1,0,0,1,0,0,0]  #  37
DB[1,0,1,0,1,1,0,0,0]  #  53
DB[1,0,1,0,1,1,1,0,0]  # 117
DB[0,0,1,1,0,0,1,0,0]  #  76
DB[0,1,0,1,1,0,1,0,0]  #  90
DB[1,0,0,1,0,1,0,0,0]  #  41
DB[0,1,0,1,0,1,0,0,0]  #  42
DB[-1,1,0,1,0,1,0,0,0] #  42
DB[0,0,1,1,0,1,0,0,0]  #  44
DB[-1,0,1,1,0,1,0,0,0] #  44
DB[1,0,1,1,0,1,0,0,0]  #  45
DB[1,0,1,1,0,1,-1,0,0] #  45
DB[1,-1,1,1,0,1,0,0,0] #  45
DB[0,0,1,1,0,1,1,0,0]  # 108
DB[1,1,1,1,0,1,0,0,0]  #  47
DB[1,1,1,1,0,1,-1,0,0] #  47
DB[0,1,1,1,0,1,1,0,0]  # 110
DB[-1,1,1,1,0,1,1,0,0] # 110
DB[1,0,0,1,1,1,0,0,0]  #  57
DB[1,0,0,1,1,1,-1,0,0] #  57
DB[0,1,0,1,1,1,0,0,0]  #  58
DB[1,1,0,1,1,1,0,0,0]  #  59
DB[1,1,0,1,1,1,-1,0,0] #  59
DB[0,1,0,1,1,1,1,0,0]  # 122
DB[-1,1,0,1,1,1,1,0,0] # 122
DB[1,0,1,1,1,1,0,0,0]  #  61
DB[1,1,1,1,1,1,0,0,0]  #  63
DB[1,1,1,1,1,1,1,0,0]  # 127
DB[1,1,1,1,1,1,1,-1,0] # 127
DB[1,1,1,1,1,1,1,0,-1] # 127

Number of selected equations to reduce: 0 equations

Number of selected equations to reduce: 0 equations
Regenerate:

Number of selected equations to reduce: 3011 equations
( 0.9 s )

***** Select equations recursively ************************
length of mandatory list: 237
Loading 3011 equations.

[1;34mFireFly info:[0m Parsed 21179 functions of which 143 are distinct

System loaded in 0.036987 s
Prime set to 2147483647
Finished prime
Average times:
Parsing: 0.000 s
Forward: 0.007 s
Backsubs: 0.001 s

One variable is set to 1: {}
Total time:
( 4.0 s )
